<?xml version="1.0" encoding="UTF-8"?>
<!-- Generated by org.testng.reporters.JUnitXMLReporter -->
<testsuite hostname="ssingh-m01" name="Smoke Testcases" tests="3" failures="1" timestamp="26 Feb 2018 23:20:09 GMT" time="235.298" errors="0">
  <testcase name="@AfterTest Pandora_LogoutC" time="0.0" classname="SundeepFramework.Automation_2">
    <failure type="org.openqa.selenium.NoSuchElementException" message="An element could not be located on the page using the given search parameters. (WARNING: The server did not provide any stacktrace information)
Command duration or timeout: 0 milliseconds
For documentation on this error, please visit: http://seleniumhq.org/exceptions/no_such_element.html
Build info: version: &amp;apos;3.6.0&amp;apos;, revision: &amp;apos;6fbf3ec767&amp;apos;, time: &amp;apos;2017-09-27T15:28:36.4Z&amp;apos;
System info: host: &amp;apos;ssingh-m01&amp;apos;, ip: &amp;apos;2620:106:e00f:f872:54b7:60cb:d1cb:22f3&amp;apos;, os.name: &amp;apos;Mac OS X&amp;apos;, os.arch: &amp;apos;x86_64&amp;apos;, os.version: &amp;apos;10.11.6&amp;apos;, java.version: &amp;apos;1.8.0_121&amp;apos;
Driver info: io.appium.java_client.android.AndroidDriver
Capabilities [{app=/Users/ssingh/App/Sundeep_Pandora/src/android-dev-1802.1RC2-0-g3226e20072.apk, appPackage=com.pandora.android, deviceScreenSize=1440x2560, networkConnectionEnabled=true, warnings={}, appWaitPackage=com.pandora.android, appWaitActivity=com.pandora.android.Main, databaseEnabled=false, deviceName=emulator-5554, platform=LINUX, deviceUDID=emulator-5554, appActivity=com.pandora.android.Main, desired={app=/Users/ssingh/App/Sundeep_Pandora/src/android-dev-1802.1RC2-0-g3226e20072.apk, newCommandTimeout=100, platformName=android, deviceName=Sundeep}, newCommandTimeout=100, platformVersion=7.0, webStorageEnabled=false, locationContextEnabled=false, takesScreenshot=true, javascriptEnabled=true, deviceModel=Android SDK built for x86_64, deviceManufacturer=unknown, platformName=LINUX}]
Session ID: e0238969-7b79-4ec4-bceb-bfa9d154e0d7
*** Element info: {Using=-android uiautomator, value=new UiScrollable(new UiSelector()).scrollIntoView(text(&amp;quot;version 1802.1&amp;quot;));}">
      <![CDATA[org.openqa.selenium.NoSuchElementException: An element could not be located on the page using the given search parameters. (WARNING: The server did not provide any stacktrace information)
Command duration or timeout: 0 milliseconds
For documentation on this error, please visit: http://seleniumhq.org/exceptions/no_such_element.html
Build info: version: '3.6.0', revision: '6fbf3ec767', time: '2017-09-27T15:28:36.4Z'
System info: host: 'ssingh-m01', ip: '2620:106:e00f:f872:54b7:60cb:d1cb:22f3', os.name: 'Mac OS X', os.arch: 'x86_64', os.version: '10.11.6', java.version: '1.8.0_121'
Driver info: io.appium.java_client.android.AndroidDriver
Capabilities [{app=/Users/ssingh/App/Sundeep_Pandora/src/android-dev-1802.1RC2-0-g3226e20072.apk, appPackage=com.pandora.android, deviceScreenSize=1440x2560, networkConnectionEnabled=true, warnings={}, appWaitPackage=com.pandora.android, appWaitActivity=com.pandora.android.Main, databaseEnabled=false, deviceName=emulator-5554, platform=LINUX, deviceUDID=emulator-5554, appActivity=com.pandora.android.Main, desired={app=/Users/ssingh/App/Sundeep_Pandora/src/android-dev-1802.1RC2-0-g3226e20072.apk, newCommandTimeout=100, platformName=android, deviceName=Sundeep}, newCommandTimeout=100, platformVersion=7.0, webStorageEnabled=false, locationContextEnabled=false, takesScreenshot=true, javascriptEnabled=true, deviceModel=Android SDK built for x86_64, deviceManufacturer=unknown, platformName=LINUX}]
Session ID: e0238969-7b79-4ec4-bceb-bfa9d154e0d7
*** Element info: {Using=-android uiautomator, value=new UiScrollable(new UiSelector()).scrollIntoView(text("version 1802.1"));}
	at org.openqa.selenium.remote.ErrorHandler.createThrowable(ErrorHandler.java:214)
	at org.openqa.selenium.remote.ErrorHandler.throwIfResponseFailed(ErrorHandler.java:166)
	at org.openqa.selenium.remote.http.JsonHttpResponseCodec.reconstructValue(JsonHttpResponseCodec.java:40)
	at org.openqa.selenium.remote.http.AbstractHttpResponseCodec.decode(AbstractHttpResponseCodec.java:80)
	at org.openqa.selenium.remote.http.AbstractHttpResponseCodec.decode(AbstractHttpResponseCodec.java:44)
	at org.openqa.selenium.remote.HttpCommandExecutor.execute(HttpCommandExecutor.java:160)
	at io.appium.java_client.remote.AppiumCommandExecutor.execute(AppiumCommandExecutor.java:89)
	at org.openqa.selenium.remote.RemoteWebDriver.execute(RemoteWebDriver.java:601)
	at io.appium.java_client.DefaultGenericMobileDriver.execute(DefaultGenericMobileDriver.java:42)
	at io.appium.java_client.AppiumDriver.execute(AppiumDriver.java:1)
	at io.appium.java_client.android.AndroidDriver.execute(AndroidDriver.java:1)
	at org.openqa.selenium.remote.RemoteWebDriver.findElement(RemoteWebDriver.java:371)
	at io.appium.java_client.DefaultGenericMobileDriver.findElement(DefaultGenericMobileDriver.java:62)
	at io.appium.java_client.AppiumDriver.findElement(AppiumDriver.java:1)
	at io.appium.java_client.android.AndroidDriver.findElement(AndroidDriver.java:1)
	at io.appium.java_client.FindsByAndroidUIAutomator.findElementByAndroidUIAutomator(FindsByAndroidUIAutomator.java:32)
	at SundeepFramework.Automation_2.Pandora_LogoutC(Automation_2.java:216)
... Removed 29 stack frames]]>
    </failure>
  </testcase> <!-- @AfterTest Pandora_LogoutC -->
  <testcase name="Pandora_Login" time="26.093" classname="SundeepFramework.Automation_2"/>
  <testcase name="Pandora_Test" time="137.157" classname="SundeepFramework.Automation_2">
    <failure type="org.openqa.selenium.NoSuchElementException" message="An element could not be located on the page using the given search parameters. (WARNING: The server did not provide any stacktrace information)
Command duration or timeout: 0 milliseconds
For documentation on this error, please visit: http://seleniumhq.org/exceptions/no_such_element.html
Build info: version: &amp;apos;3.6.0&amp;apos;, revision: &amp;apos;6fbf3ec767&amp;apos;, time: &amp;apos;2017-09-27T15:28:36.4Z&amp;apos;
System info: host: &amp;apos;ssingh-m01&amp;apos;, ip: &amp;apos;2620:106:e00f:f872:54b7:60cb:d1cb:22f3&amp;apos;, os.name: &amp;apos;Mac OS X&amp;apos;, os.arch: &amp;apos;x86_64&amp;apos;, os.version: &amp;apos;10.11.6&amp;apos;, java.version: &amp;apos;1.8.0_121&amp;apos;
Driver info: io.appium.java_client.android.AndroidDriver
Capabilities [{app=/Users/ssingh/App/Sundeep_Pandora/src/android-dev-1802.1RC2-0-g3226e20072.apk, appPackage=com.pandora.android, deviceScreenSize=1440x2560, networkConnectionEnabled=true, warnings={}, appWaitPackage=com.pandora.android, appWaitActivity=com.pandora.android.Main, databaseEnabled=false, deviceName=emulator-5554, platform=LINUX, deviceUDID=emulator-5554, appActivity=com.pandora.android.Main, desired={app=/Users/ssingh/App/Sundeep_Pandora/src/android-dev-1802.1RC2-0-g3226e20072.apk, newCommandTimeout=100, platformName=android, deviceName=Sundeep}, newCommandTimeout=100, platformVersion=7.0, webStorageEnabled=false, locationContextEnabled=false, takesScreenshot=true, javascriptEnabled=true, deviceModel=Android SDK built for x86_64, deviceManufacturer=unknown, platformName=LINUX}]
Session ID: e0238969-7b79-4ec4-bceb-bfa9d154e0d7
*** Element info: {Using=xpath, value=//android.widget.TextView[@text=&amp;apos;Delete station&amp;apos;]}">
      <![CDATA[org.openqa.selenium.NoSuchElementException: An element could not be located on the page using the given search parameters. (WARNING: The server did not provide any stacktrace information)
Command duration or timeout: 0 milliseconds
For documentation on this error, please visit: http://seleniumhq.org/exceptions/no_such_element.html
Build info: version: '3.6.0', revision: '6fbf3ec767', time: '2017-09-27T15:28:36.4Z'
System info: host: 'ssingh-m01', ip: '2620:106:e00f:f872:54b7:60cb:d1cb:22f3', os.name: 'Mac OS X', os.arch: 'x86_64', os.version: '10.11.6', java.version: '1.8.0_121'
Driver info: io.appium.java_client.android.AndroidDriver
Capabilities [{app=/Users/ssingh/App/Sundeep_Pandora/src/android-dev-1802.1RC2-0-g3226e20072.apk, appPackage=com.pandora.android, deviceScreenSize=1440x2560, networkConnectionEnabled=true, warnings={}, appWaitPackage=com.pandora.android, appWaitActivity=com.pandora.android.Main, databaseEnabled=false, deviceName=emulator-5554, platform=LINUX, deviceUDID=emulator-5554, appActivity=com.pandora.android.Main, desired={app=/Users/ssingh/App/Sundeep_Pandora/src/android-dev-1802.1RC2-0-g3226e20072.apk, newCommandTimeout=100, platformName=android, deviceName=Sundeep}, newCommandTimeout=100, platformVersion=7.0, webStorageEnabled=false, locationContextEnabled=false, takesScreenshot=true, javascriptEnabled=true, deviceModel=Android SDK built for x86_64, deviceManufacturer=unknown, platformName=LINUX}]
Session ID: e0238969-7b79-4ec4-bceb-bfa9d154e0d7
*** Element info: {Using=xpath, value=//android.widget.TextView[@text='Delete station']}
	at org.openqa.selenium.remote.ErrorHandler.createThrowable(ErrorHandler.java:214)
	at org.openqa.selenium.remote.ErrorHandler.throwIfResponseFailed(ErrorHandler.java:166)
	at org.openqa.selenium.remote.http.JsonHttpResponseCodec.reconstructValue(JsonHttpResponseCodec.java:40)
	at org.openqa.selenium.remote.http.AbstractHttpResponseCodec.decode(AbstractHttpResponseCodec.java:80)
	at org.openqa.selenium.remote.http.AbstractHttpResponseCodec.decode(AbstractHttpResponseCodec.java:44)
	at org.openqa.selenium.remote.HttpCommandExecutor.execute(HttpCommandExecutor.java:160)
	at io.appium.java_client.remote.AppiumCommandExecutor.execute(AppiumCommandExecutor.java:89)
	at org.openqa.selenium.remote.RemoteWebDriver.execute(RemoteWebDriver.java:601)
	at io.appium.java_client.DefaultGenericMobileDriver.execute(DefaultGenericMobileDriver.java:42)
	at io.appium.java_client.AppiumDriver.execute(AppiumDriver.java:1)
	at io.appium.java_client.android.AndroidDriver.execute(AndroidDriver.java:1)
	at org.openqa.selenium.remote.RemoteWebDriver.findElement(RemoteWebDriver.java:371)
	at io.appium.java_client.DefaultGenericMobileDriver.findElement(DefaultGenericMobileDriver.java:62)
	at io.appium.java_client.AppiumDriver.findElement(AppiumDriver.java:1)
	at io.appium.java_client.android.AndroidDriver.findElement(AndroidDriver.java:1)
	at org.openqa.selenium.remote.RemoteWebDriver.findElementByXPath(RemoteWebDriver.java:473)
	at io.appium.java_client.DefaultGenericMobileDriver.findElementByXPath(DefaultGenericMobileDriver.java:140)
	at io.appium.java_client.AppiumDriver.findElementByXPath(AppiumDriver.java:1)
	at io.appium.java_client.android.AndroidDriver.findElementByXPath(AndroidDriver.java:1)
	at SundeepFramework.Automation_2.Delete_Station(Automation_2.java:202)
	at SundeepFramework.Automation_2.Pandora_Test(Automation_2.java:182)
... Removed 31 stack frames]]>
    </failure>
  </testcase> <!-- Pandora_Test -->
  <testcase name="Sundeep" time="0.0" classname="SundeepFramework.Automation_2"/>
</testsuite> <!-- Smoke Testcases -->
