<?xml version="1.0" encoding="UTF-8"?>
<testsuite name="TestSuite" time="235.282" tests="4" errors="0" skipped="0" failures="2">
  <properties>
[...]
</properties>
  <testcase name="Pandora_Login" classname="SundeepFramework.Automation_2" time="26.091"/>
  <testcase name="Pandora_Test" classname="SundeepFramework.Automation_2" time="137.162">
    <failure message="An element could not be located on the page using the given search parameters. (WARNING: The server did not provide any stacktrace information)&#10;Command duration or timeout: 0 milliseconds&#10;For documentation on this error, please visit: http://seleniumhq.org/exceptions/no_such_element.html&#10;Build info: version: &apos;3.6.0&apos;, revision: &apos;6fbf3ec767&apos;, time: &apos;2017-09-27T15:28:36.4Z&apos;&#10;System info: host: &apos;ssingh-m01&apos;, ip: &apos;2620:106:e00f:f872:54b7:60cb:d1cb:22f3&apos;, os.name: &apos;Mac OS X&apos;, os.arch: &apos;x86_64&apos;, os.version: &apos;10.11.6&apos;, java.version: &apos;1.8.0_121&apos;&#10;Driver info: io.appium.java_client.android.AndroidDriver&#10;Capabilities [{app=/Users/ssingh/App/Sundeep_Pandora/src/android-dev-1802.1RC2-0-g3226e20072.apk, appPackage=com.pandora.android, deviceScreenSize=1440x2560, networkConnectionEnabled=true, warnings={}, appWaitPackage=com.pandora.android, appWaitActivity=com.pandora.android.Main, databaseEnabled=false, deviceName=emulator-5554, platform=LINUX, deviceUDID=emulator-5554, appActivity=com.pandora.android.Main, desired={app=/Users/ssingh/App/Sundeep_Pandora/src/android-dev-1802.1RC2-0-g3226e20072.apk, newCommandTimeout=100, platformName=android, deviceName=Sundeep}, newCommandTimeout=100, platformVersion=7.0, webStorageEnabled=false, locationContextEnabled=false, takesScreenshot=true, javascriptEnabled=true, deviceModel=Android SDK built for x86_64, deviceManufacturer=unknown, platformName=LINUX}]&#10;Session ID: e0238969-7b79-4ec4-bceb-bfa9d154e0d7&#10;*** Element info: {Using=xpath, value=//android.widget.TextView[@text=&apos;Delete station&apos;]}" type="org.openqa.selenium.NoSuchElementException">org.openqa.selenium.NoSuchElementException: An element could not be located on the page using the given search parameters. (WARNING: The server did not provide any stacktrace information)
Command duration or timeout: 0 milliseconds
For documentation on this error, please visit: http://seleniumhq.org/exceptions/no_such_element.html
Build info: version: '3.6.0', revision: '6fbf3ec767', time: '2017-09-27T15:28:36.4Z'
System info: host: 'ssingh-m01', ip: '2620:106:e00f:f872:54b7:60cb:d1cb:22f3', os.name: 'Mac OS X', os.arch: 'x86_64', os.version: '10.11.6', java.version: '1.8.0_121'
Driver info: io.appium.java_client.android.AndroidDriver
Capabilities [{app=/Users/ssingh/App/Sundeep_Pandora/src/android-dev-1802.1RC2-0-g3226e20072.apk, appPackage=com.pandora.android, deviceScreenSize=1440x2560, networkConnectionEnabled=true, warnings={}, appWaitPackage=com.pandora.android, appWaitActivity=com.pandora.android.Main, databaseEnabled=false, deviceName=emulator-5554, platform=LINUX, deviceUDID=emulator-5554, appActivity=com.pandora.android.Main, desired={app=/Users/ssingh/App/Sundeep_Pandora/src/android-dev-1802.1RC2-0-g3226e20072.apk, newCommandTimeout=100, platformName=android, deviceName=Sundeep}, newCommandTimeout=100, platformVersion=7.0, webStorageEnabled=false, locationContextEnabled=false, takesScreenshot=true, javascriptEnabled=true, deviceModel=Android SDK built for x86_64, deviceManufacturer=unknown, platformName=LINUX}]
Session ID: e0238969-7b79-4ec4-bceb-bfa9d154e0d7
*** Element info: {Using=xpath, value=//android.widget.TextView[@text='Delete station']}
	at sun.reflect.NativeConstructorAccessorImpl.newInstance0(Native Method)
	at sun.reflect.NativeConstructorAccessorImpl.newInstance(NativeConstructorAccessorImpl.java:62)
	at sun.reflect.DelegatingConstructorAccessorImpl.newInstance(DelegatingConstructorAccessorImpl.java:45)
	at java.lang.reflect.Constructor.newInstance(Constructor.java:423)
	at org.openqa.selenium.remote.ErrorHandler.createThrowable(ErrorHandler.java:214)
	at org.openqa.selenium.remote.ErrorHandler.throwIfResponseFailed(ErrorHandler.java:166)
	at org.openqa.selenium.remote.http.JsonHttpResponseCodec.reconstructValue(JsonHttpResponseCodec.java:40)
	at org.openqa.selenium.remote.http.AbstractHttpResponseCodec.decode(AbstractHttpResponseCodec.java:80)
	at org.openqa.selenium.remote.http.AbstractHttpResponseCodec.decode(AbstractHttpResponseCodec.java:44)
	at org.openqa.selenium.remote.HttpCommandExecutor.execute(HttpCommandExecutor.java:160)
	at io.appium.java_client.remote.AppiumCommandExecutor.execute(AppiumCommandExecutor.java:89)
	at org.openqa.selenium.remote.RemoteWebDriver.execute(RemoteWebDriver.java:601)
	at io.appium.java_client.DefaultGenericMobileDriver.execute(DefaultGenericMobileDriver.java:42)
	at io.appium.java_client.AppiumDriver.execute(AppiumDriver.java:1)
	at io.appium.java_client.android.AndroidDriver.execute(AndroidDriver.java:1)
	at org.openqa.selenium.remote.RemoteWebDriver.findElement(RemoteWebDriver.java:371)
	at io.appium.java_client.DefaultGenericMobileDriver.findElement(DefaultGenericMobileDriver.java:62)
	at io.appium.java_client.AppiumDriver.findElement(AppiumDriver.java:1)
	at io.appium.java_client.android.AndroidDriver.findElement(AndroidDriver.java:1)
	at org.openqa.selenium.remote.RemoteWebDriver.findElementByXPath(RemoteWebDriver.java:473)
	at io.appium.java_client.DefaultGenericMobileDriver.findElementByXPath(DefaultGenericMobileDriver.java:140)
	at io.appium.java_client.AppiumDriver.findElementByXPath(AppiumDriver.java:1)
	at io.appium.java_client.android.AndroidDriver.findElementByXPath(AndroidDriver.java:1)
	at SundeepFramework.Automation_2.Delete_Station(Automation_2.java:202)
	at SundeepFramework.Automation_2.Pandora_Test(Automation_2.java:182)
</failure>
    <system-out><![CDATA[Coachmark Dismissed
Hamburger Menu Identified and clicked
Settings Menu Identified and clicked
Station Menu Identified and clicked
Browse Menu Identified and clicked
User is able to scroll brose page sucessfully
STATION PLAYED SUCESSFULLY
Coachmark Dismissed
System Paused Sucessfully
System Resumed Sucessfully
Track Thumb Down Sucessfully
]]></system-out>
  </testcase>
  <testcase name="Sundeep" classname="SundeepFramework.Automation_2" time="0"/>
  <testcase name="Pandora_LogoutC" classname="SundeepFramework.Automation_2" time="72.029">
    <failure message="An element could not be located on the page using the given search parameters. (WARNING: The server did not provide any stacktrace information)&#10;Command duration or timeout: 0 milliseconds&#10;For documentation on this error, please visit: http://seleniumhq.org/exceptions/no_such_element.html&#10;Build info: version: &apos;3.6.0&apos;, revision: &apos;6fbf3ec767&apos;, time: &apos;2017-09-27T15:28:36.4Z&apos;&#10;System info: host: &apos;ssingh-m01&apos;, ip: &apos;2620:106:e00f:f872:54b7:60cb:d1cb:22f3&apos;, os.name: &apos;Mac OS X&apos;, os.arch: &apos;x86_64&apos;, os.version: &apos;10.11.6&apos;, java.version: &apos;1.8.0_121&apos;&#10;Driver info: io.appium.java_client.android.AndroidDriver&#10;Capabilities [{app=/Users/ssingh/App/Sundeep_Pandora/src/android-dev-1802.1RC2-0-g3226e20072.apk, appPackage=com.pandora.android, deviceScreenSize=1440x2560, networkConnectionEnabled=true, warnings={}, appWaitPackage=com.pandora.android, appWaitActivity=com.pandora.android.Main, databaseEnabled=false, deviceName=emulator-5554, platform=LINUX, deviceUDID=emulator-5554, appActivity=com.pandora.android.Main, desired={app=/Users/ssingh/App/Sundeep_Pandora/src/android-dev-1802.1RC2-0-g3226e20072.apk, newCommandTimeout=100, platformName=android, deviceName=Sundeep}, newCommandTimeout=100, platformVersion=7.0, webStorageEnabled=false, locationContextEnabled=false, takesScreenshot=true, javascriptEnabled=true, deviceModel=Android SDK built for x86_64, deviceManufacturer=unknown, platformName=LINUX}]&#10;Session ID: e0238969-7b79-4ec4-bceb-bfa9d154e0d7&#10;*** Element info: {Using=-android uiautomator, value=new UiScrollable(new UiSelector()).scrollIntoView(text(&quot;version 1802.1&quot;));}" type="org.openqa.selenium.NoSuchElementException">org.openqa.selenium.NoSuchElementException: An element could not be located on the page using the given search parameters. (WARNING: The server did not provide any stacktrace information)
Command duration or timeout: 0 milliseconds
For documentation on this error, please visit: http://seleniumhq.org/exceptions/no_such_element.html
Build info: version: '3.6.0', revision: '6fbf3ec767', time: '2017-09-27T15:28:36.4Z'
System info: host: 'ssingh-m01', ip: '2620:106:e00f:f872:54b7:60cb:d1cb:22f3', os.name: 'Mac OS X', os.arch: 'x86_64', os.version: '10.11.6', java.version: '1.8.0_121'
Driver info: io.appium.java_client.android.AndroidDriver
Capabilities [{app=/Users/ssingh/App/Sundeep_Pandora/src/android-dev-1802.1RC2-0-g3226e20072.apk, appPackage=com.pandora.android, deviceScreenSize=1440x2560, networkConnectionEnabled=true, warnings={}, appWaitPackage=com.pandora.android, appWaitActivity=com.pandora.android.Main, databaseEnabled=false, deviceName=emulator-5554, platform=LINUX, deviceUDID=emulator-5554, appActivity=com.pandora.android.Main, desired={app=/Users/ssingh/App/Sundeep_Pandora/src/android-dev-1802.1RC2-0-g3226e20072.apk, newCommandTimeout=100, platformName=android, deviceName=Sundeep}, newCommandTimeout=100, platformVersion=7.0, webStorageEnabled=false, locationContextEnabled=false, takesScreenshot=true, javascriptEnabled=true, deviceModel=Android SDK built for x86_64, deviceManufacturer=unknown, platformName=LINUX}]
Session ID: e0238969-7b79-4ec4-bceb-bfa9d154e0d7
*** Element info: {Using=-android uiautomator, value=new UiScrollable(new UiSelector()).scrollIntoView(text("version 1802.1"));}
	at sun.reflect.NativeConstructorAccessorImpl.newInstance0(Native Method)
	at sun.reflect.NativeConstructorAccessorImpl.newInstance(NativeConstructorAccessorImpl.java:62)
	at sun.reflect.DelegatingConstructorAccessorImpl.newInstance(DelegatingConstructorAccessorImpl.java:45)
	at java.lang.reflect.Constructor.newInstance(Constructor.java:423)
	at org.openqa.selenium.remote.ErrorHandler.createThrowable(ErrorHandler.java:214)
	at org.openqa.selenium.remote.ErrorHandler.throwIfResponseFailed(ErrorHandler.java:166)
	at org.openqa.selenium.remote.http.JsonHttpResponseCodec.reconstructValue(JsonHttpResponseCodec.java:40)
	at org.openqa.selenium.remote.http.AbstractHttpResponseCodec.decode(AbstractHttpResponseCodec.java:80)
	at org.openqa.selenium.remote.http.AbstractHttpResponseCodec.decode(AbstractHttpResponseCodec.java:44)
	at org.openqa.selenium.remote.HttpCommandExecutor.execute(HttpCommandExecutor.java:160)
	at io.appium.java_client.remote.AppiumCommandExecutor.execute(AppiumCommandExecutor.java:89)
	at org.openqa.selenium.remote.RemoteWebDriver.execute(RemoteWebDriver.java:601)
	at io.appium.java_client.DefaultGenericMobileDriver.execute(DefaultGenericMobileDriver.java:42)
	at io.appium.java_client.AppiumDriver.execute(AppiumDriver.java:1)
	at io.appium.java_client.android.AndroidDriver.execute(AndroidDriver.java:1)
	at org.openqa.selenium.remote.RemoteWebDriver.findElement(RemoteWebDriver.java:371)
	at io.appium.java_client.DefaultGenericMobileDriver.findElement(DefaultGenericMobileDriver.java:62)
	at io.appium.java_client.AppiumDriver.findElement(AppiumDriver.java:1)
	at io.appium.java_client.android.AndroidDriver.findElement(AndroidDriver.java:1)
	at io.appium.java_client.FindsByAndroidUIAutomator.findElementByAndroidUIAutomator(FindsByAndroidUIAutomator.java:32)
	at SundeepFramework.Automation_2.Pandora_LogoutC(Automation_2.java:216)
</failure>
  </testcase>
</testsuite>